<?xml version="1.0" encoding="UTF-8"?>
<testsuite xmlns:xsi="http://www.w3.org/2001/XMLSchema-instance" xsi:noNamespaceSchemaLocation="https://maven.apache.org/surefire/maven-surefire-plugin/xsd/surefire-test-report.xsd" name="demo.ModuleApplicationTests" time="7.607" tests="1" errors="0" skipped="0" failures="0">
  <properties>
    <property name="awt.toolkit" value="sun.awt.X11.XToolkit"/>
    <property name="file.encoding.pkg" value="sun.io"/>
    <property name="java.specification.version" value="1.8"/>
    <property name="sun.cpu.isalist" value=""/>
    <property name="sun.jnu.encoding" value="ANSI_X3.4-1968"/>
    <property name="java.class.path" value="/opt/spring-cloud/spring-cloud-stream-samples/source-samples/jdbc-source/target/test-classes:/opt/spring-cloud/spring-cloud-stream-samples/source-samples/jdbc-source/target/classes:/root/.m2/repository/org/mariadb/jdbc/mariadb-java-client/1.1.9/mariadb-java-client-1.1.9.jar:/root/.m2/repository/net/java/dev/jna/jna/4.5.2/jna-4.5.2.jar:/root/.m2/repository/net/java/dev/jna/jna/3.3.0/jna-3.3.0-platform.jar:/root/.m2/repository/commons-dbcp/commons-dbcp/1.4/commons-dbcp-1.4.jar:/root/.m2/repository/commons-pool/commons-pool/1.6/commons-pool-1.6.jar:/root/.m2/repository/org/springframework/integration/spring-integration-jdbc/5.1.3.RELEASE/spring-integration-jdbc-5.1.3.RELEASE.jar:/root/.m2/repository/org/springframework/integration/spring-integration-core/5.1.3.RELEASE/spring-integration-core-5.1.3.RELEASE.jar:/root/.m2/repository/org/springframework/spring-aop/5.1.5.RELEASE/spring-aop-5.1.5.RELEASE.jar:/root/.m2/repository/org/springframework/spring-context/5.1.5.RELEASE/spring-context-5.1.5.RELEASE.jar:/root/.m2/repository/org/springframework/spring-messaging/5.1.5.RELEASE/spring-messaging-5.1.5.RELEASE.jar:/root/.m2/repository/org/springframework/spring-tx/5.1.5.RELEASE/spring-tx-5.1.5.RELEASE.jar:/root/.m2/repository/org/springframework/retry/spring-retry/1.2.4.RELEASE/spring-retry-1.2.4.RELEASE.jar:/root/.m2/repository/io/projectreactor/reactor-core/3.2.6.RELEASE/reactor-core-3.2.6.RELEASE.jar:/root/.m2/repository/org/reactivestreams/reactive-streams/1.0.2/reactive-streams-1.0.2.jar:/root/.m2/repository/org/springframework/spring-jdbc/5.1.5.RELEASE/spring-jdbc-5.1.5.RELEASE.jar:/root/.m2/repository/org/springframework/spring-beans/5.1.5.RELEASE/spring-beans-5.1.5.RELEASE.jar:/root/.m2/repository/org/springframework/boot/spring-boot-starter-jdbc/2.1.4.BUILD-SNAPSHOT/spring-boot-starter-jdbc-2.1.4.BUILD-SNAPSHOT.jar:/root/.m2/repository/com/zaxxer/HikariCP/3.2.0/HikariCP-3.2.0.jar:/root/.m2/repository/org/slf4j/slf4j-api/1.7.26/slf4j-api-1.7.26.jar:/root/.m2/repository/org/springframework/cloud/spring-cloud-stream-test-support/2.2.0.BUILD-SNAPSHOT/spring-cloud-stream-test-support-2.2.0.BUILD-SNAPSHOT.jar:/root/.m2/repository/org/springframework/cloud/spring-cloud-stream/2.2.0.BUILD-SNAPSHOT/spring-cloud-stream-2.2.0.BUILD-SNAPSHOT.jar:/root/.m2/repository/org/springframework/boot/spring-boot-starter-validation/2.1.4.BUILD-SNAPSHOT/spring-boot-starter-validation-2.1.4.BUILD-SNAPSHOT.jar:/root/.m2/repository/org/springframework/integration/spring-integration-jmx/5.1.3.RELEASE/spring-integration-jmx-5.1.3.RELEASE.jar:/root/.m2/repository/org/springframework/spring-tuple/1.0.0.RELEASE/spring-tuple-1.0.0.RELEASE.jar:/root/.m2/repository/com/esotericsoftware/kryo-shaded/3.0.3/kryo-shaded-3.0.3.jar:/root/.m2/repository/com/esotericsoftware/minlog/1.3.0/minlog-1.3.0.jar:/root/.m2/repository/org/springframework/integration/spring-integration-tuple/1.0.0.RELEASE/spring-integration-tuple-1.0.0.RELEASE.jar:/root/.m2/repository/org/springframework/cloud/spring-cloud-function-context/2.1.0.M1/spring-cloud-function-context-2.1.0.M1.jar:/root/.m2/repository/org/springframework/cloud/spring-cloud-function-core/2.1.0.M1/spring-cloud-function-core-2.1.0.M1.jar:/root/.m2/repository/org/springframework/boot/spring-boot-autoconfigure/2.1.4.BUILD-SNAPSHOT/spring-boot-autoconfigure-2.1.4.BUILD-SNAPSHOT.jar:/root/.m2/repository/org/springframework/boot/spring-boot-starter-test/2.1.4.BUILD-SNAPSHOT/spring-boot-starter-test-2.1.4.BUILD-SNAPSHOT.jar:/root/.m2/repository/org/springframework/boot/spring-boot-test/2.1.4.BUILD-SNAPSHOT/spring-boot-test-2.1.4.BUILD-SNAPSHOT.jar:/root/.m2/repository/org/springframework/boot/spring-boot-test-autoconfigure/2.1.4.BUILD-SNAPSHOT/spring-boot-test-autoconfigure-2.1.4.BUILD-SNAPSHOT.jar:/root/.m2/repository/com/jayway/jsonpath/json-path/2.4.0/json-path-2.4.0.jar:/root/.m2/repository/net/minidev/json-smart/2.3/json-smart-2.3.jar:/root/.m2/repository/net/minidev/accessors-smart/1.2/accessors-smart-1.2.jar:/root/.m2/repository/org/ow2/asm/asm/5.0.4/asm-5.0.4.jar:/root/.m2/repository/junit/junit/4.12/junit-4.12.jar:/root/.m2/repository/org/assertj/assertj-core/3.11.1/assertj-core-3.11.1.jar:/root/.m2/repository/org/mockito/mockito-core/2.23.4/mockito-core-2.23.4.jar:/root/.m2/repository/net/bytebuddy/byte-buddy/1.9.10/byte-buddy-1.9.10.jar:/root/.m2/repository/net/bytebuddy/byte-buddy-agent/1.9.10/byte-buddy-agent-1.9.10.jar:/root/.m2/repository/org/objenesis/objenesis/2.6/objenesis-2.6.jar:/root/.m2/repository/org/hamcrest/hamcrest-core/1.3/hamcrest-core-1.3.jar:/root/.m2/repository/org/hamcrest/hamcrest-library/1.3/hamcrest-library-1.3.jar:/root/.m2/repository/org/skyscreamer/jsonassert/1.5.0/jsonassert-1.5.0.jar:/root/.m2/repository/com/vaadin/external/google/android-json/0.0.20131108.vaadin1/android-json-0.0.20131108.vaadin1.jar:/root/.m2/repository/org/springframework/spring-core/5.1.5.RELEASE/spring-core-5.1.5.RELEASE.jar:/root/.m2/repository/org/springframework/spring-jcl/5.1.5.RELEASE/spring-jcl-5.1.5.RELEASE.jar:/root/.m2/repository/org/springframework/spring-test/5.1.5.RELEASE/spring-test-5.1.5.RELEASE.jar:/root/.m2/repository/org/xmlunit/xmlunit-core/2.6.2/xmlunit-core-2.6.2.jar:/root/.m2/repository/com/h2database/h2/1.4.198/h2-1.4.198.jar:/root/.m2/repository/org/springframework/cloud/spring-cloud-stream-binder-kafka/2.2.0.BUILD-SNAPSHOT/spring-cloud-stream-binder-kafka-2.2.0.BUILD-SNAPSHOT.jar:/root/.m2/repository/org/springframework/cloud/spring-cloud-stream-binder-kafka-core/2.2.0.BUILD-SNAPSHOT/spring-cloud-stream-binder-kafka-core-2.2.0.BUILD-SNAPSHOT.jar:/root/.m2/repository/org/springframework/integration/spring-integration-kafka/3.1.0.RELEASE/spring-integration-kafka-3.1.0.RELEASE.jar:/root/.m2/repository/org/apache/kafka/kafka-clients/2.0.1/kafka-clients-2.0.1.jar:/root/.m2/repository/org/lz4/lz4-java/1.4.1/lz4-java-1.4.1.jar:/root/.m2/repository/org/xerial/snappy/snappy-java/1.1.7.1/snappy-java-1.1.7.1.jar:/root/.m2/repository/org/springframework/kafka/spring-kafka/2.2.4.RELEASE/spring-kafka-2.2.4.RELEASE.jar:/root/.m2/repository/org/springframework/boot/spring-boot-starter-actuator/2.1.4.BUILD-SNAPSHOT/spring-boot-starter-actuator-2.1.4.BUILD-SNAPSHOT.jar:/root/.m2/repository/org/springframework/boot/spring-boot-actuator-autoconfigure/2.1.4.BUILD-SNAPSHOT/spring-boot-actuator-autoconfigure-2.1.4.BUILD-SNAPSHOT.jar:/root/.m2/repository/org/springframework/boot/spring-boot-actuator/2.1.4.BUILD-SNAPSHOT/spring-boot-actuator-2.1.4.BUILD-SNAPSHOT.jar:/root/.m2/repository/com/fasterxml/jackson/core/jackson-databind/2.9.8/jackson-databind-2.9.8.jar:/root/.m2/repository/com/fasterxml/jackson/core/jackson-annotations/2.9.0/jackson-annotations-2.9.0.jar:/root/.m2/repository/com/fasterxml/jackson/core/jackson-core/2.9.8/jackson-core-2.9.8.jar:/root/.m2/repository/com/fasterxml/jackson/datatype/jackson-datatype-jsr310/2.9.8/jackson-datatype-jsr310-2.9.8.jar:/root/.m2/repository/io/micrometer/micrometer-core/1.1.3/micrometer-core-1.1.3.jar:/root/.m2/repository/org/hdrhistogram/HdrHistogram/2.1.9/HdrHistogram-2.1.9.jar:/root/.m2/repository/org/latencyutils/LatencyUtils/2.0.3/LatencyUtils-2.0.3.jar:/root/.m2/repository/org/springframework/boot/spring-boot-starter/2.1.4.BUILD-SNAPSHOT/spring-boot-starter-2.1.4.BUILD-SNAPSHOT.jar:/root/.m2/repository/org/springframework/boot/spring-boot/2.1.4.BUILD-SNAPSHOT/spring-boot-2.1.4.BUILD-SNAPSHOT.jar:/root/.m2/repository/org/springframework/boot/spring-boot-starter-logging/2.1.4.BUILD-SNAPSHOT/spring-boot-starter-logging-2.1.4.BUILD-SNAPSHOT.jar:/root/.m2/repository/ch/qos/logback/logback-classic/1.2.3/logback-classic-1.2.3.jar:/root/.m2/repository/ch/qos/logback/logback-core/1.2.3/logback-core-1.2.3.jar:/root/.m2/repository/org/apache/logging/log4j/log4j-to-slf4j/2.11.2/log4j-to-slf4j-2.11.2.jar:/root/.m2/repository/org/apache/logging/log4j/log4j-api/2.11.2/log4j-api-2.11.2.jar:/root/.m2/repository/org/slf4j/jul-to-slf4j/1.7.26/jul-to-slf4j-1.7.26.jar:/root/.m2/repository/javax/annotation/javax.annotation-api/1.3.2/javax.annotation-api-1.3.2.jar:/root/.m2/repository/org/yaml/snakeyaml/1.23/snakeyaml-1.23.jar:/root/.m2/repository/org/springframework/boot/spring-boot-starter-web/2.1.4.BUILD-SNAPSHOT/spring-boot-starter-web-2.1.4.BUILD-SNAPSHOT.jar:/root/.m2/repository/org/springframework/boot/spring-boot-starter-json/2.1.4.BUILD-SNAPSHOT/spring-boot-starter-json-2.1.4.BUILD-SNAPSHOT.jar:/root/.m2/repository/com/fasterxml/jackson/datatype/jackson-datatype-jdk8/2.9.8/jackson-datatype-jdk8-2.9.8.jar:/root/.m2/repository/com/fasterxml/jackson/module/jackson-module-parameter-names/2.9.8/jackson-module-parameter-names-2.9.8.jar:/root/.m2/repository/org/springframework/boot/spring-boot-starter-tomcat/2.1.4.BUILD-SNAPSHOT/spring-boot-starter-tomcat-2.1.4.BUILD-SNAPSHOT.jar:/root/.m2/repository/org/apache/tomcat/embed/tomcat-embed-core/9.0.16/tomcat-embed-core-9.0.16.jar:/root/.m2/repository/org/apache/tomcat/embed/tomcat-embed-el/9.0.16/tomcat-embed-el-9.0.16.jar:/root/.m2/repository/org/apache/tomcat/embed/tomcat-embed-websocket/9.0.16/tomcat-embed-websocket-9.0.16.jar:/root/.m2/repository/org/hibernate/validator/hibernate-validator/6.0.15.Final/hibernate-validator-6.0.15.Final.jar:/root/.m2/repository/javax/validation/validation-api/2.0.1.Final/validation-api-2.0.1.Final.jar:/root/.m2/repository/org/jboss/logging/jboss-logging/3.3.2.Final/jboss-logging-3.3.2.Final.jar:/root/.m2/repository/com/fasterxml/classmate/1.4.0/classmate-1.4.0.jar:/root/.m2/repository/org/springframework/spring-web/5.1.5.RELEASE/spring-web-5.1.5.RELEASE.jar:/root/.m2/repository/org/springframework/spring-webmvc/5.1.5.RELEASE/spring-webmvc-5.1.5.RELEASE.jar:/root/.m2/repository/org/springframework/spring-expression/5.1.5.RELEASE/spring-expression-5.1.5.RELEASE.jar:"/>
    <property name="java.vm.vendor" value="Oracle Corporation"/>
    <property name="sun.arch.data.model" value="64"/>
    <property name="java.vendor.url" value="http://java.oracle.com/"/>
    <property name="user.timezone" value=""/>
    <property name="java.vm.specification.version" value="1.8"/>
    <property name="os.name" value="Linux"/>
    <property name="user.country" value="US"/>
    <property name="sun.java.launcher" value="SUN_STANDARD"/>
    <property name="sun.boot.library.path" value="/usr/lib/jvm/java-8-openjdk-amd64/jre/lib/amd64"/>
    <property name="sun.java.command" value="/opt/spring-cloud/spring-cloud-stream-samples/source-samples/jdbc-source/target/surefire/surefirebooter7220697238002809961.jar /opt/spring-cloud/spring-cloud-stream-samples/source-samples/jdbc-source/target/surefire 2019-03-20T21-54-00_723-jvmRun1 surefire3214139926562070375tmp surefire_15686269767114140876tmp"/>
    <property name="surefire.test.class.path" value="/opt/spring-cloud/spring-cloud-stream-samples/source-samples/jdbc-source/target/test-classes:/opt/spring-cloud/spring-cloud-stream-samples/source-samples/jdbc-source/target/classes:/root/.m2/repository/org/mariadb/jdbc/mariadb-java-client/1.1.9/mariadb-java-client-1.1.9.jar:/root/.m2/repository/net/java/dev/jna/jna/4.5.2/jna-4.5.2.jar:/root/.m2/repository/net/java/dev/jna/jna/3.3.0/jna-3.3.0-platform.jar:/root/.m2/repository/commons-dbcp/commons-dbcp/1.4/commons-dbcp-1.4.jar:/root/.m2/repository/commons-pool/commons-pool/1.6/commons-pool-1.6.jar:/root/.m2/repository/org/springframework/integration/spring-integration-jdbc/5.1.3.RELEASE/spring-integration-jdbc-5.1.3.RELEASE.jar:/root/.m2/repository/org/springframework/integration/spring-integration-core/5.1.3.RELEASE/spring-integration-core-5.1.3.RELEASE.jar:/root/.m2/repository/org/springframework/spring-aop/5.1.5.RELEASE/spring-aop-5.1.5.RELEASE.jar:/root/.m2/repository/org/springframework/spring-context/5.1.5.RELEASE/spring-context-5.1.5.RELEASE.jar:/root/.m2/repository/org/springframework/spring-messaging/5.1.5.RELEASE/spring-messaging-5.1.5.RELEASE.jar:/root/.m2/repository/org/springframework/spring-tx/5.1.5.RELEASE/spring-tx-5.1.5.RELEASE.jar:/root/.m2/repository/org/springframework/retry/spring-retry/1.2.4.RELEASE/spring-retry-1.2.4.RELEASE.jar:/root/.m2/repository/io/projectreactor/reactor-core/3.2.6.RELEASE/reactor-core-3.2.6.RELEASE.jar:/root/.m2/repository/org/reactivestreams/reactive-streams/1.0.2/reactive-streams-1.0.2.jar:/root/.m2/repository/org/springframework/spring-jdbc/5.1.5.RELEASE/spring-jdbc-5.1.5.RELEASE.jar:/root/.m2/repository/org/springframework/spring-beans/5.1.5.RELEASE/spring-beans-5.1.5.RELEASE.jar:/root/.m2/repository/org/springframework/boot/spring-boot-starter-jdbc/2.1.4.BUILD-SNAPSHOT/spring-boot-starter-jdbc-2.1.4.BUILD-SNAPSHOT.jar:/root/.m2/repository/com/zaxxer/HikariCP/3.2.0/HikariCP-3.2.0.jar:/root/.m2/repository/org/slf4j/slf4j-api/1.7.26/slf4j-api-1.7.26.jar:/root/.m2/repository/org/springframework/cloud/spring-cloud-stream-test-support/2.2.0.BUILD-SNAPSHOT/spring-cloud-stream-test-support-2.2.0.BUILD-SNAPSHOT.jar:/root/.m2/repository/org/springframework/cloud/spring-cloud-stream/2.2.0.BUILD-SNAPSHOT/spring-cloud-stream-2.2.0.BUILD-SNAPSHOT.jar:/root/.m2/repository/org/springframework/boot/spring-boot-starter-validation/2.1.4.BUILD-SNAPSHOT/spring-boot-starter-validation-2.1.4.BUILD-SNAPSHOT.jar:/root/.m2/repository/org/springframework/integration/spring-integration-jmx/5.1.3.RELEASE/spring-integration-jmx-5.1.3.RELEASE.jar:/root/.m2/repository/org/springframework/spring-tuple/1.0.0.RELEASE/spring-tuple-1.0.0.RELEASE.jar:/root/.m2/repository/com/esotericsoftware/kryo-shaded/3.0.3/kryo-shaded-3.0.3.jar:/root/.m2/repository/com/esotericsoftware/minlog/1.3.0/minlog-1.3.0.jar:/root/.m2/repository/org/springframework/integration/spring-integration-tuple/1.0.0.RELEASE/spring-integration-tuple-1.0.0.RELEASE.jar:/root/.m2/repository/org/springframework/cloud/spring-cloud-function-context/2.1.0.M1/spring-cloud-function-context-2.1.0.M1.jar:/root/.m2/repository/org/springframework/cloud/spring-cloud-function-core/2.1.0.M1/spring-cloud-function-core-2.1.0.M1.jar:/root/.m2/repository/org/springframework/boot/spring-boot-autoconfigure/2.1.4.BUILD-SNAPSHOT/spring-boot-autoconfigure-2.1.4.BUILD-SNAPSHOT.jar:/root/.m2/repository/org/springframework/boot/spring-boot-starter-test/2.1.4.BUILD-SNAPSHOT/spring-boot-starter-test-2.1.4.BUILD-SNAPSHOT.jar:/root/.m2/repository/org/springframework/boot/spring-boot-test/2.1.4.BUILD-SNAPSHOT/spring-boot-test-2.1.4.BUILD-SNAPSHOT.jar:/root/.m2/repository/org/springframework/boot/spring-boot-test-autoconfigure/2.1.4.BUILD-SNAPSHOT/spring-boot-test-autoconfigure-2.1.4.BUILD-SNAPSHOT.jar:/root/.m2/repository/com/jayway/jsonpath/json-path/2.4.0/json-path-2.4.0.jar:/root/.m2/repository/net/minidev/json-smart/2.3/json-smart-2.3.jar:/root/.m2/repository/net/minidev/accessors-smart/1.2/accessors-smart-1.2.jar:/root/.m2/repository/org/ow2/asm/asm/5.0.4/asm-5.0.4.jar:/root/.m2/repository/junit/junit/4.12/junit-4.12.jar:/root/.m2/repository/org/assertj/assertj-core/3.11.1/assertj-core-3.11.1.jar:/root/.m2/repository/org/mockito/mockito-core/2.23.4/mockito-core-2.23.4.jar:/root/.m2/repository/net/bytebuddy/byte-buddy/1.9.10/byte-buddy-1.9.10.jar:/root/.m2/repository/net/bytebuddy/byte-buddy-agent/1.9.10/byte-buddy-agent-1.9.10.jar:/root/.m2/repository/org/objenesis/objenesis/2.6/objenesis-2.6.jar:/root/.m2/repository/org/hamcrest/hamcrest-core/1.3/hamcrest-core-1.3.jar:/root/.m2/repository/org/hamcrest/hamcrest-library/1.3/hamcrest-library-1.3.jar:/root/.m2/repository/org/skyscreamer/jsonassert/1.5.0/jsonassert-1.5.0.jar:/root/.m2/repository/com/vaadin/external/google/android-json/0.0.20131108.vaadin1/android-json-0.0.20131108.vaadin1.jar:/root/.m2/repository/org/springframework/spring-core/5.1.5.RELEASE/spring-core-5.1.5.RELEASE.jar:/root/.m2/repository/org/springframework/spring-jcl/5.1.5.RELEASE/spring-jcl-5.1.5.RELEASE.jar:/root/.m2/repository/org/springframework/spring-test/5.1.5.RELEASE/spring-test-5.1.5.RELEASE.jar:/root/.m2/repository/org/xmlunit/xmlunit-core/2.6.2/xmlunit-core-2.6.2.jar:/root/.m2/repository/com/h2database/h2/1.4.198/h2-1.4.198.jar:/root/.m2/repository/org/springframework/cloud/spring-cloud-stream-binder-kafka/2.2.0.BUILD-SNAPSHOT/spring-cloud-stream-binder-kafka-2.2.0.BUILD-SNAPSHOT.jar:/root/.m2/repository/org/springframework/cloud/spring-cloud-stream-binder-kafka-core/2.2.0.BUILD-SNAPSHOT/spring-cloud-stream-binder-kafka-core-2.2.0.BUILD-SNAPSHOT.jar:/root/.m2/repository/org/springframework/integration/spring-integration-kafka/3.1.0.RELEASE/spring-integration-kafka-3.1.0.RELEASE.jar:/root/.m2/repository/org/apache/kafka/kafka-clients/2.0.1/kafka-clients-2.0.1.jar:/root/.m2/repository/org/lz4/lz4-java/1.4.1/lz4-java-1.4.1.jar:/root/.m2/repository/org/xerial/snappy/snappy-java/1.1.7.1/snappy-java-1.1.7.1.jar:/root/.m2/repository/org/springframework/kafka/spring-kafka/2.2.4.RELEASE/spring-kafka-2.2.4.RELEASE.jar:/root/.m2/repository/org/springframework/boot/spring-boot-starter-actuator/2.1.4.BUILD-SNAPSHOT/spring-boot-starter-actuator-2.1.4.BUILD-SNAPSHOT.jar:/root/.m2/repository/org/springframework/boot/spring-boot-actuator-autoconfigure/2.1.4.BUILD-SNAPSHOT/spring-boot-actuator-autoconfigure-2.1.4.BUILD-SNAPSHOT.jar:/root/.m2/repository/org/springframework/boot/spring-boot-actuator/2.1.4.BUILD-SNAPSHOT/spring-boot-actuator-2.1.4.BUILD-SNAPSHOT.jar:/root/.m2/repository/com/fasterxml/jackson/core/jackson-databind/2.9.8/jackson-databind-2.9.8.jar:/root/.m2/repository/com/fasterxml/jackson/core/jackson-annotations/2.9.0/jackson-annotations-2.9.0.jar:/root/.m2/repository/com/fasterxml/jackson/core/jackson-core/2.9.8/jackson-core-2.9.8.jar:/root/.m2/repository/com/fasterxml/jackson/datatype/jackson-datatype-jsr310/2.9.8/jackson-datatype-jsr310-2.9.8.jar:/root/.m2/repository/io/micrometer/micrometer-core/1.1.3/micrometer-core-1.1.3.jar:/root/.m2/repository/org/hdrhistogram/HdrHistogram/2.1.9/HdrHistogram-2.1.9.jar:/root/.m2/repository/org/latencyutils/LatencyUtils/2.0.3/LatencyUtils-2.0.3.jar:/root/.m2/repository/org/springframework/boot/spring-boot-starter/2.1.4.BUILD-SNAPSHOT/spring-boot-starter-2.1.4.BUILD-SNAPSHOT.jar:/root/.m2/repository/org/springframework/boot/spring-boot/2.1.4.BUILD-SNAPSHOT/spring-boot-2.1.4.BUILD-SNAPSHOT.jar:/root/.m2/repository/org/springframework/boot/spring-boot-starter-logging/2.1.4.BUILD-SNAPSHOT/spring-boot-starter-logging-2.1.4.BUILD-SNAPSHOT.jar:/root/.m2/repository/ch/qos/logback/logback-classic/1.2.3/logback-classic-1.2.3.jar:/root/.m2/repository/ch/qos/logback/logback-core/1.2.3/logback-core-1.2.3.jar:/root/.m2/repository/org/apache/logging/log4j/log4j-to-slf4j/2.11.2/log4j-to-slf4j-2.11.2.jar:/root/.m2/repository/org/apache/logging/log4j/log4j-api/2.11.2/log4j-api-2.11.2.jar:/root/.m2/repository/org/slf4j/jul-to-slf4j/1.7.26/jul-to-slf4j-1.7.26.jar:/root/.m2/repository/javax/annotation/javax.annotation-api/1.3.2/javax.annotation-api-1.3.2.jar:/root/.m2/repository/org/yaml/snakeyaml/1.23/snakeyaml-1.23.jar:/root/.m2/repository/org/springframework/boot/spring-boot-starter-web/2.1.4.BUILD-SNAPSHOT/spring-boot-starter-web-2.1.4.BUILD-SNAPSHOT.jar:/root/.m2/repository/org/springframework/boot/spring-boot-starter-json/2.1.4.BUILD-SNAPSHOT/spring-boot-starter-json-2.1.4.BUILD-SNAPSHOT.jar:/root/.m2/repository/com/fasterxml/jackson/datatype/jackson-datatype-jdk8/2.9.8/jackson-datatype-jdk8-2.9.8.jar:/root/.m2/repository/com/fasterxml/jackson/module/jackson-module-parameter-names/2.9.8/jackson-module-parameter-names-2.9.8.jar:/root/.m2/repository/org/springframework/boot/spring-boot-starter-tomcat/2.1.4.BUILD-SNAPSHOT/spring-boot-starter-tomcat-2.1.4.BUILD-SNAPSHOT.jar:/root/.m2/repository/org/apache/tomcat/embed/tomcat-embed-core/9.0.16/tomcat-embed-core-9.0.16.jar:/root/.m2/repository/org/apache/tomcat/embed/tomcat-embed-el/9.0.16/tomcat-embed-el-9.0.16.jar:/root/.m2/repository/org/apache/tomcat/embed/tomcat-embed-websocket/9.0.16/tomcat-embed-websocket-9.0.16.jar:/root/.m2/repository/org/hibernate/validator/hibernate-validator/6.0.15.Final/hibernate-validator-6.0.15.Final.jar:/root/.m2/repository/javax/validation/validation-api/2.0.1.Final/validation-api-2.0.1.Final.jar:/root/.m2/repository/org/jboss/logging/jboss-logging/3.3.2.Final/jboss-logging-3.3.2.Final.jar:/root/.m2/repository/com/fasterxml/classmate/1.4.0/classmate-1.4.0.jar:/root/.m2/repository/org/springframework/spring-web/5.1.5.RELEASE/spring-web-5.1.5.RELEASE.jar:/root/.m2/repository/org/springframework/spring-webmvc/5.1.5.RELEASE/spring-webmvc-5.1.5.RELEASE.jar:/root/.m2/repository/org/springframework/spring-expression/5.1.5.RELEASE/spring-expression-5.1.5.RELEASE.jar:"/>
    <property name="sun.cpu.endian" value="little"/>
    <property name="user.home" value="/root"/>
    <property name="user.language" value="en"/>
    <property name="java.specification.vendor" value="Oracle Corporation"/>
    <property name="java.home" value="/usr/lib/jvm/java-8-openjdk-amd64/jre"/>
    <property name="basedir" value="/opt/spring-cloud/spring-cloud-stream-samples/source-samples/jdbc-source"/>
    <property name="file.separator" value="/"/>
    <property name="line.separator" value="&#10;"/>
    <property name="java.vm.specification.vendor" value="Oracle Corporation"/>
    <property name="java.specification.name" value="Java Platform API Specification"/>
    <property name="java.awt.graphicsenv" value="sun.awt.X11GraphicsEnvironment"/>
    <property name="surefire.real.class.path" value="/opt/spring-cloud/spring-cloud-stream-samples/source-samples/jdbc-source/target/surefire/surefirebooter7220697238002809961.jar"/>
    <property name="sun.boot.class.path" value="/usr/lib/jvm/java-8-openjdk-amd64/jre/lib/resources.jar:/usr/lib/jvm/java-8-openjdk-amd64/jre/lib/rt.jar:/usr/lib/jvm/java-8-openjdk-amd64/jre/lib/sunrsasign.jar:/usr/lib/jvm/java-8-openjdk-amd64/jre/lib/jsse.jar:/usr/lib/jvm/java-8-openjdk-amd64/jre/lib/jce.jar:/usr/lib/jvm/java-8-openjdk-amd64/jre/lib/charsets.jar:/usr/lib/jvm/java-8-openjdk-amd64/jre/lib/jfr.jar:/usr/lib/jvm/java-8-openjdk-amd64/jre/classes"/>
    <property name="sun.management.compiler" value="HotSpot 64-Bit Tiered Compilers"/>
    <property name="java.runtime.version" value="1.8.0_171-8u171-b11-0ubuntu0.17.10.1-b11"/>
    <property name="user.name" value="root"/>
    <property name="path.separator" value=":"/>
    <property name="os.version" value="4.13.0-46-generic"/>
    <property name="java.endorsed.dirs" value="/usr/lib/jvm/java-8-openjdk-amd64/jre/lib/endorsed"/>
    <property name="java.runtime.name" value="OpenJDK Runtime Environment"/>
    <property name="altSnapshotDeploymentRepository" value="repo.spring.io::default::https://repo.spring.io/libs-snapshot-local"/>
    <property name="file.encoding" value="ANSI_X3.4-1968"/>
    <property name="java.vm.name" value="OpenJDK 64-Bit Server VM"/>
    <property name="localRepository" value="/root/.m2/repository"/>
    <property name="java.vendor.url.bug" value="http://bugreport.sun.com/bugreport/"/>
    <property name="java.io.tmpdir" value="/tmp"/>
    <property name="java.version" value="1.8.0_171"/>
    <property name="user.dir" value="/opt/spring-cloud/spring-cloud-stream-samples/source-samples/jdbc-source"/>
    <property name="os.arch" value="amd64"/>
    <property name="java.vm.specification.name" value="Java Virtual Machine Specification"/>
    <property name="java.awt.printerjob" value="sun.print.PSPrinterJob"/>
    <property name="sun.os.patch.level" value="unknown"/>
    <property name="java.library.path" value="/usr/java/packages/lib/amd64:/usr/lib/x86_64-linux-gnu/jni:/lib/x86_64-linux-gnu:/usr/lib/x86_64-linux-gnu:/usr/lib/jni:/lib:/usr/lib"/>
    <property name="java.vm.info" value="mixed mode"/>
    <property name="java.vendor" value="Oracle Corporation"/>
    <property name="java.vm.version" value="25.171-b11"/>
    <property name="java.ext.dirs" value="/usr/lib/jvm/java-8-openjdk-amd64/jre/lib/ext:/usr/java/packages/lib/ext"/>
    <property name="sun.io.unicode.encoding" value="UnicodeLittle"/>
    <property name="java.class.version" value="52.0"/>
  </properties>
  <testcase name="contextLoads" classname="demo.ModuleApplicationTests" time="0.197"/>
</testsuite>